


ARM Macro Assembler    Page 1 


    1 00000000                 AREA             RESET, DATA, READONLY
    2 00000000 20001000        DCD              0x20001000  ; stack pointer val
                                                            ue when stack is em
                                                            pty
    3 00000004 00000000        DCD              Start       ; reset vector
    4 00000008         
    5 00000008                 AREA             HOANG, CODE, READONLY
    6 00000000                 ENTRY                        ;Khai bao diem vao 
                                                            chuong trinh
    7 00000000         
    8 00000000         Start
    9 00000000 F04F 0200       MOV              R2, #0      ; sum =0
   10 00000004 F04F 0301       MOV              R3, #1      ; i = 1
   11 00000008         
   12 00000008         LOOP
   13 00000008 2B09            CMP              R3, #9      ; N =5
   14 0000000A DC03            BGT              STOP        ; go to STOP if R3 
                                                            > 5
   15 0000000C 441A            ADD              R2, R3
   16 0000000E F103 0301       ADD              R3, #1
   17 00000012 E7F9            B                LOOP
   18 00000014 E7FE    STOP    B                STOP
   19 00000016         
   20 00000016                 END                          ; ket thuc chuong t
                                                            rinh
Command Line: --debug --xref --cpu=Cortex-M3 --apcs=interwork --depend=.\bai1.d
 -o.\bai1.o -IE:\KeilC\ARM\RV31\INC -IE:\KeilC\ARM\CMSIS\Include -IE:\KeilC\ARM
\Inc\ST\STM32F10x --list=.\bai1.lst bai1.s



ARM Macro Assembler    Page 1 Alphabetic symbol ordering
Relocatable symbols

RESET 00000000

Symbol: RESET
   Definitions
      At line 1 in file bai1.s
   Uses
      None
Comment: RESET unused
1 symbol



ARM Macro Assembler    Page 1 Alphabetic symbol ordering
Relocatable symbols

HOANG 00000000

Symbol: HOANG
   Definitions
      At line 5 in file bai1.s
   Uses
      None
Comment: HOANG unused
LOOP 00000008

Symbol: LOOP
   Definitions
      At line 12 in file bai1.s
   Uses
      At line 17 in file bai1.s
Comment: LOOP used once
STOP 00000014

Symbol: STOP
   Definitions
      At line 18 in file bai1.s
   Uses
      At line 14 in file bai1.s
      At line 18 in file bai1.s

Start 00000000

Symbol: Start
   Definitions
      At line 8 in file bai1.s
   Uses
      At line 3 in file bai1.s
Comment: Start used once
4 symbols
335 symbols in table
