


ARM Macro Assembler    Page 1 


    1 00000000         
    2 00000000                 AREA             RESET, DATA, READONLY
    3 00000000 20001000        DCD              0x20001000  ; stack pointer val
                                                            ue when stack is em
                                                            pty
    4 00000004 00000000        DCD              Start       ; reset vector
    5 00000008         
    6 00000008                 AREA             HOANG, CODE, READONLY
    7 00000000                 ENTRY                        ;Khai bao diem vao 
                                                            chuong trinh
    8 00000000         
    9 00000000 00000009 
                       soN     EQU              9
   10 00000000         
   11 00000000         Start
   12 00000000         ;So chan <= N
   13 00000000 F04F 0100       MOV              R1, #0      ; Sum_chan = 0   To
                                                            ng so chan
   14 00000004 F04F 0200       MOV              R2, #0      ; Sum_le = 0 Tong s
                                                            o le 
   15 00000008 F04F 0300       MOV              R3, #0      ; i = 0 bien cua Su
                                                            m_chan    
   16 0000000C F04F 0401       MOV              R4, #1      ; j = 1 bien cua Su
                                                            m_le
   17 00000010 F04F 0509       LDR              R5, =soN    ; load so N vao` R5
                                                            
   18 00000014         
   19 00000014         LOOP
   20 00000014 4419            ADD              R1, R3
   21 00000016 F103 0302       ADD              R3, #2
   22 0000001A 42AB            CMP              R3, R5
   23 0000001C D9FA            BLS              LOOP        ; neu R3 <= R5( so 
                                                            sanh i <= N) thi ti
                                                            ep tuc LOOP
   24 0000001E         
   25 0000001E         LOOP2
   26 0000001E 4422            ADD              R2, R4
   27 00000020 F104 0402       ADD              R4, #2
   28 00000024 42AC            CMP              R4, R5
   29 00000026 D9FA            BLS              LOOP2
   30 00000028         
   31 00000028 E7FE    STOP    B                STOP
   32 0000002A         
   33 0000002A                 END                          ; ket thuc chuong t
                                                            rinh
Command Line: --debug --xref --cpu=Cortex-M3 --apcs=interwork --depend=.\bai2.d
 -o.\bai2.o -IE:\KeilC\ARM\RV31\INC -IE:\KeilC\ARM\CMSIS\Include -IE:\KeilC\ARM
\Inc\ST\STM32F10x --list=.\bai2.lst bai2.s



ARM Macro Assembler    Page 1 Alphabetic symbol ordering
Relocatable symbols

RESET 00000000

Symbol: RESET
   Definitions
      At line 2 in file bai2.s
   Uses
      None
Comment: RESET unused
1 symbol



ARM Macro Assembler    Page 1 Alphabetic symbol ordering
Relocatable symbols

HOANG 00000000

Symbol: HOANG
   Definitions
      At line 6 in file bai2.s
   Uses
      None
Comment: HOANG unused
LOOP 00000014

Symbol: LOOP
   Definitions
      At line 19 in file bai2.s
   Uses
      At line 23 in file bai2.s
Comment: LOOP used once
LOOP2 0000001E

Symbol: LOOP2
   Definitions
      At line 25 in file bai2.s
   Uses
      At line 29 in file bai2.s
Comment: LOOP2 used once
STOP 00000028

Symbol: STOP
   Definitions
      At line 31 in file bai2.s
   Uses
      At line 31 in file bai2.s
Comment: STOP used once
Start 00000000

Symbol: Start
   Definitions
      At line 11 in file bai2.s
   Uses
      At line 4 in file bai2.s
Comment: Start used once
5 symbols



ARM Macro Assembler    Page 1 Alphabetic symbol ordering
Absolute symbols

soN 00000009

Symbol: soN
   Definitions
      At line 9 in file bai2.s
   Uses
      At line 17 in file bai2.s
Comment: soN used once
1 symbol
337 symbols in table
