


ARM Macro Assembler    Page 1 


    1 00000000                 AREA             RESET, DATA, READONLY
    2 00000000 20001000        DCD              0x20001000
    3 00000004 00000000        DCD              Batdau
    4 00000008         
    5 00000008 00000001 
                       GiaiThua
                               DCD              1
    6 0000000C 00000005 
                       N       DCD              5
    7 00000010                 AREA             DOANMA, CODE, READONLY
    8 00000000                 ENTRY
    9 00000000         
   10 00000000         Batdau
   11 00000000 F85F 1004       LDR              R1, N
   12 00000004 F04F 0201       MOV              R2, #1
   13 00000008 F04F 0301       MOV              R3, #1
   14 0000000C F7FF FFFE       BL               TinhGT
   15 00000010 F85F 4004       LDR              R4, GiaiThua
   16 00000014 6022            STR              R2, [R4]
   17 00000016 E006            B                Stop
   18 00000018         
   19 00000018         TinhGT  PROC
   20 00000018 FB02 F203       MUL              R2, R3
   21 0000001C F103 0301       ADD              R3, #1
   22 00000020 428B            CMP              R3, R1
   23 00000022 DDFE            BLE              TinhGT
   24 00000024 4770            BX               LR
   25 00000026                 ENDP
   26 00000026         
   27 00000026 E7FE    Stop    B                Stop
   28 00000028                 END
Command Line: --debug --xref --cpu=Cortex-M3 --apcs=interwork --depend=.\bai3.d
 -o.\bai3.o -IE:\KeilC\ARM\RV31\INC -IE:\KeilC\ARM\CMSIS\Include -IE:\KeilC\ARM
\Inc\ST\STM32F10x --list=.\bai3.lst bai3.s



ARM Macro Assembler    Page 1 Alphabetic symbol ordering
Relocatable symbols

GiaiThua 00000008

Symbol: GiaiThua
   Definitions
      At line 5 in file bai3.s
   Uses
      At line 15 in file bai3.s
Comment: GiaiThua used once
N 0000000C

Symbol: N
   Definitions
      At line 6 in file bai3.s
   Uses
      At line 11 in file bai3.s
Comment: N used once
RESET 00000000

Symbol: RESET
   Definitions
      At line 1 in file bai3.s
   Uses
      None
Comment: RESET unused
3 symbols



ARM Macro Assembler    Page 1 Alphabetic symbol ordering
Relocatable symbols

Batdau 00000000

Symbol: Batdau
   Definitions
      At line 10 in file bai3.s
   Uses
      At line 3 in file bai3.s
Comment: Batdau used once
DOANMA 00000000

Symbol: DOANMA
   Definitions
      At line 7 in file bai3.s
   Uses
      None
Comment: DOANMA unused
Stop 00000026

Symbol: Stop
   Definitions
      At line 27 in file bai3.s
   Uses
      At line 17 in file bai3.s
      At line 27 in file bai3.s

TinhGT 00000018

Symbol: TinhGT
   Definitions
      At line 19 in file bai3.s
   Uses
      At line 14 in file bai3.s
      At line 23 in file bai3.s

4 symbols
337 symbols in table
