


ARM Macro Assembler    Page 1 


    1 00000000         ;Khai bao doan du lieu
    2 00000000                 AREA             RESET, DATA, READONLY
    3 00000000 20001000        DCD              0x20001000  ; stack pointer val
                                                            ue when stack is em
                                                            pty
    4 00000004 00000000        DCD              Start       ; reset vector
    5 00000008         
    6 00000008         
    7 00000008         
    8 00000008         ;Khai bao doan ma lenh
    9 00000008                 AREA             HOANG, CODE, READONLY
   10 00000000                 ENTRY                        ;Khai bao diem vao 
                                                            chuong trinh
   11 00000000         Start
   12 00000000         ;Bat dau doan code (Diem vao chuong trinh)
   13 00000000 F04F 0102       MOV              R1, #2      ; x = 2
   14 00000004 F04F 0201       MOV              R2, #1      ; Tich = 1
   15 00000008 F04F 0301       MOV              R3, #1      ; i = 1
   16 0000000C         LOOP
   17 0000000C 2B03            CMP              R3, #3      ; N=3
   18 0000000E DC04            BGT              STOP
   19 00000010 FB02 F201       MUL              R2, R1
   20 00000014 F103 0301       ADD              R3, #1
   21 00000018 E7F8            B                LOOP
   22 0000001A         
   23 0000001A E7FE    STOP    B                STOP
   24 0000001C         
   25 0000001C                 END                          ; ket thuc chuong t
                                                            rinh
Command Line: --debug --xref --cpu=Cortex-M3 --apcs=interwork --depend=.\bai5.d
 -o.\bai5.o -IE:\KeilC\ARM\RV31\INC -IE:\KeilC\ARM\CMSIS\Include -IE:\KeilC\ARM
\Inc\ST\STM32F10x --list=.\bai5.lst bai5.s



ARM Macro Assembler    Page 1 Alphabetic symbol ordering
Relocatable symbols

RESET 00000000

Symbol: RESET
   Definitions
      At line 2 in file bai5.s
   Uses
      None
Comment: RESET unused
1 symbol



ARM Macro Assembler    Page 1 Alphabetic symbol ordering
Relocatable symbols

HOANG 00000000

Symbol: HOANG
   Definitions
      At line 9 in file bai5.s
   Uses
      None
Comment: HOANG unused
LOOP 0000000C

Symbol: LOOP
   Definitions
      At line 16 in file bai5.s
   Uses
      At line 21 in file bai5.s
Comment: LOOP used once
STOP 0000001A

Symbol: STOP
   Definitions
      At line 23 in file bai5.s
   Uses
      At line 18 in file bai5.s
      At line 23 in file bai5.s

Start 00000000

Symbol: Start
   Definitions
      At line 11 in file bai5.s
   Uses
      At line 4 in file bai5.s
Comment: Start used once
4 symbols
335 symbols in table
