


ARM Macro Assembler    Page 1 


    1 00000000         ;Viet chuong trinh tinh tong? 1 + x^2 + x^3 + ..... + x^
                       N 
    2 00000000         ;Y tuong: Khoi tao sum = 1 
    3 00000000         ;x va N tu khoi tao
    4 00000000         ;tao bien i=2 neu i > N thi dung nguoc lai thi tinh x^i 
                       roi tang i len
    5 00000000         ;Ket qua Sum duoc luu o R2
    6 00000000         
    7 00000000         ;Khai bao doan du lieu
    8 00000000                 AREA             RESET, DATA, READONLY
    9 00000000 20001000        DCD              0x20001000  ; stack pointer val
                                                            ue when stack is em
                                                            pty
   10 00000004 00000000        DCD              Start       ; reset vector
   11 00000008         
   12 00000008 00000002 
                       x       DCD              2
   13 0000000C 00000003 
                       N       DCD              3
   14 00000010         
   15 00000010         
   16 00000010         ;Khai bao doan ma lenh
   17 00000010                 AREA             HOANG, CODE, READONLY
   18 00000000                 ENTRY                        ;Khai bao diem vao 
                                                            chuong trinh
   19 00000000         Start
   20 00000000         
   21 00000000         ;Bat dau doan code (Diem vao chuong trinh)
   22 00000000         
   23 00000000 F85F 1004       LDR              R1, x       ; x = 2
   24 00000004 F04F 0201       MOV              R2, #1      ; Sum = 1
   25 00000008 F04F 0302       MOV              R3, #2      ; i = 2
   26 0000000C F04F 0401       MOV              R4, #1      ; tichphu=1
   27 00000010 F85F 6004       LDR              R6, N
   28 00000014         
   29 00000014         LOOP
   30 00000014 42B3            CMP              R3, R6      ; so sanh i vs N
   31 00000016 DC0D            BGT              STOP
   32 00000018 461D            MOV              R5, R3      ; j = i
   33 0000001A         LOOP2
   34 0000001A 2D00            CMP              R5, #0
   35 0000001C D004            BEQ              NEXT
   36 0000001E FB04 F401       MUL              R4, R1
   37 00000022 F1A5 0501       SUB              R5, #1
   38 00000026 E7F8            B                LOOP2
   39 00000028         NEXT
   40 00000028 4422            ADD              R2, R4
   41 0000002A F04F 0401       MOV              R4, #1
   42 0000002E F103 0301       ADD              R3, #1
   43 00000032 E7EF            B                LOOP
   44 00000034         
   45 00000034 E7FE    STOP    B                STOP
   46 00000036         
   47 00000036                 END                          ; ket thuc chuong t
                                                            rinh
Command Line: --debug --xref --cpu=Cortex-M3 --apcs=interwork --depend=.\bai6.d
 -o.\bai6.o -IE:\KeilC\ARM\RV31\INC -IE:\KeilC\ARM\CMSIS\Include -IE:\KeilC\ARM
\Inc\ST\STM32F10x --list=.\bai6.lst bai6.s



ARM Macro Assembler    Page 1 Alphabetic symbol ordering
Relocatable symbols

N 0000000C

Symbol: N
   Definitions
      At line 13 in file bai6.s
   Uses
      At line 27 in file bai6.s
Comment: N used once
RESET 00000000

Symbol: RESET
   Definitions
      At line 8 in file bai6.s
   Uses
      None
Comment: RESET unused
x 00000008

Symbol: x
   Definitions
      At line 12 in file bai6.s
   Uses
      At line 23 in file bai6.s
Comment: x used once
3 symbols



ARM Macro Assembler    Page 1 Alphabetic symbol ordering
Relocatable symbols

HOANG 00000000

Symbol: HOANG
   Definitions
      At line 17 in file bai6.s
   Uses
      None
Comment: HOANG unused
LOOP 00000014

Symbol: LOOP
   Definitions
      At line 29 in file bai6.s
   Uses
      At line 43 in file bai6.s
Comment: LOOP used once
LOOP2 0000001A

Symbol: LOOP2
   Definitions
      At line 33 in file bai6.s
   Uses
      At line 38 in file bai6.s
Comment: LOOP2 used once
NEXT 00000028

Symbol: NEXT
   Definitions
      At line 39 in file bai6.s
   Uses
      At line 35 in file bai6.s
Comment: NEXT used once
STOP 00000034

Symbol: STOP
   Definitions
      At line 45 in file bai6.s
   Uses
      At line 31 in file bai6.s
      At line 45 in file bai6.s

Start 00000000

Symbol: Start
   Definitions
      At line 19 in file bai6.s
   Uses
      At line 10 in file bai6.s
Comment: Start used once
6 symbols
339 symbols in table
